#
# There is insufficient memory for the Java Runtime Environment to continue.
# Native memory allocation (mmap) failed to map 134217728 bytes for G1 virtual space
# Possible reasons:
#   The system is out of physical RAM or swap space
#   The process is running with CompressedOops enabled, and the Java Heap may be blocking the growth of the native heap
# Possible solutions:
#   Reduce memory load on the system
#   Increase physical memory or swap space
#   Check if swap backing store is full
#   Decrease Java heap size (-Xmx/-Xms)
#   Decrease number of Java threads
#   Decrease Java thread stack sizes (-Xss)
#   Set larger code cache with -XX:ReservedCodeCacheSize=
#   JVM is running with Unscaled Compressed Oops mode in which the Java heap is
#     placed in the first 4GB address space. The Java Heap base address is the
#     maximum limit for the native heap growth. Please use -XX:HeapBaseMinAddress
#     to set the Java Heap base and to place the Java Heap above 4GB virtual address.
# This output file may be truncated or incomplete.
#
#  Out of Memory Error (os_windows.cpp:3527), pid=18268, tid=17424
#
# JRE version:  (19.0+36) (build )
# Java VM: Java HotSpot(TM) 64-Bit Server VM (19+36-2238, mixed mode, sharing, tiered, compressed oops, compressed class ptrs, g1 gc, windows-amd64)
# No core dump will be written. Minidumps are not enabled by default on client versions of Windows
#

---------------  S U M M A R Y ------------

Command Line: --add-exports=javafx.base/com.sun.javafx.event=org.controlsfx.controls -Dfile.encoding=UTF-8 --module-path=D:\WeatherApp\target\classes;C:\Users\galic\.m2\repository\org\openjfx\javafx-controls\17.0.2\javafx-controls-17.0.2-win.jar;C:\Users\galic\.m2\repository\org\openjfx\javafx-graphics\17.0.2\javafx-graphics-17.0.2-win.jar;C:\Users\galic\.m2\repository\org\openjfx\javafx-base\17.0.2\javafx-base-17.0.2-win.jar;C:\Users\galic\.m2\repository\org\openjfx\javafx-fxml\17.0.2\javafx-fxml-17.0.2-win.jar;C:\Users\galic\.m2\repository\org\json\json\20230227\json-20230227.jar;C:\Users\galic\.m2\repository\com\googlecode\json-simple\json-simple\1.1\json-simple-1.1.jar;C:\Users\galic\.m2\repository\io\ipgeolocation\ipgeolocation\1.0.12\ipgeolocation-1.0.12.jar;C:\Users\galic\.m2\repository\com\google\code\gson\gson\2.8.5\gson-2.8.5.jar;C:\Users\galic\.m2\repository\org\controlsfx\controlsfx\11.1.2\controlsfx-11.1.2.jar;C:\Users\galic\.m2\repository\net\aksingh\owm-japis\2.5.3.0\owm-japis-2.5.3.0.jar -XX:+ShowCodeDetailsInExceptionMessages -Djdk.module.main=weatherapp weatherapp/weatherapp.App

Host: Intel(R) Core(TM) i5-7300HQ CPU @ 2.50GHz, 4 cores, 7G,  Windows 10 , 64 bit Build 19041 (10.0.19041.2788)
Time: Sat Apr 29 14:35:15 2023  Windows 10 , 64 bit Build 19041 (10.0.19041.2788) elapsed time: 0.074479 seconds (0d 0h 0m 0s)

---------------  T H R E A D  ---------------

Current thread (0x000002a4a282e170):  JavaThread "Unknown thread" [_thread_in_vm, id=17424, stack(0x000000f5d8800000,0x000000f5d8900000)]

Stack: [0x000000f5d8800000,0x000000f5d8900000]
Native frames: (J=compiled Java code, j=interpreted, Vv=VM code, C=native code)
V  [jvm.dll+0x6ee8fa]
V  [jvm.dll+0x857a1e]
V  [jvm.dll+0x85940e]
V  [jvm.dll+0x859ac3]
V  [jvm.dll+0x28291f]
V  [jvm.dll+0x6eb6e9]
V  [jvm.dll+0x6e028a]
V  [jvm.dll+0x357136]
V  [jvm.dll+0x35eb96]
V  [jvm.dll+0x3b555e]
V  [jvm.dll+0x3b578f]
V  [jvm.dll+0x32c6ea]
V  [jvm.dll+0x32d59e]
V  [jvm.dll+0x821b20]
V  [jvm.dll+0x3c27c1]
V  [jvm.dll+0x8022f1]
V  [jvm.dll+0x44b30f]
V  [jvm.dll+0x44cc91]
C  [jli.dll+0x5287]
C  [ucrtbase.dll+0x21bb2]
C  [KERNEL32.DLL+0x17604]
C  [ntdll.dll+0x526a1]


---------------  P R O C E S S  ---------------

Threads class SMR info:
_java_thread_list=0x00007ffda980d048, length=0, elements={
}

Java Threads: ( => current thread )

Other Threads:
  0x000002a4a288ddd0 WorkerThread "GC Thread#0" [stack: 0x000000f5d8900000,0x000000f5d8a00000] [id=19040]
  0x000002a4a28a0250 ConcurrentGCThread "G1 Main Marker" [stack: 0x000000f5d8a00000,0x000000f5d8b00000] [id=10100]
  0x000002a4a28a1ba0 WorkerThread "G1 Conc#0" [stack: 0x000000f5d8b00000,0x000000f5d8c00000] [id=9684]

[error occurred during error reporting (printing all threads), id 0xc0000005, EXCEPTION_ACCESS_VIOLATION (0xc0000005) at pc=0x00007ffda8fcd127]

VM state: not at safepoint (not fully initialized)

VM Mutex/Monitor currently owned by a thread:  ([mutex/lock_event])
[0x000002a4a28293f0] Heap_lock - owner thread: 0x000002a4a282e170

Heap address: 0x0000000081a00000, size: 2022 MB, Compressed Oops mode: 32-bit

CDS archive(s) mapped at: [0x0000000000000000-0x0000000000000000-0x0000000000000000), size 0, SharedBaseAddress: 0x0000000800000000, ArchiveRelocationMode: 0.
Narrow klass base: 0x0000000000000000, Narrow klass shift: 0, Narrow klass range: 0x0

GC Precious Log:
 CardTable entry size: 512
 Card Set container configuration: InlinePtr #cards 5 size 8 Array Of Cards #cards 12 size 40 Howl #buckets 4 coarsen threshold 1843 Howl Bitmap #cards 512 size 80 coarsen threshold 460 Card regions per heap region 1 cards per card region 2048

Heap:
 garbage-first heap   total 0K, used 0K [0x0000000081a00000, 0x0000000100000000)
  region size 1024K, 0 young (0K), 0 survivors (0K)

[error occurred during error reporting (printing heap information), id 0xc0000005, EXCEPTION_ACCESS_VIOLATION (0xc0000005) at pc=0x00007ffda93d6959]

GC Heap History (0 events):
No events

Dll operation events (1 events):
Event: 0.006 Loaded shared library C:\Program Files\Java\jdk-19\bin\java.dll

Deoptimization events (0 events):
No events

Classes loaded (0 events):
No events

Classes unloaded (0 events):
No events

Classes redefined (0 events):
No events

Internal exceptions (0 events):
No events

VM Operations (0 events):
No events

Events (0 events):
No events


Dynamic libraries:
0x00007ff79c550000 - 0x00007ff79c560000 	C:\Program Files\Java\jdk-19\bin\javaw.exe
0x00007ffe01150000 - 0x00007ffe01348000 	C:\WINDOWS\SYSTEM32\ntdll.dll
0x00007ffe00910000 - 0x00007ffe009cf000 	C:\WINDOWS\System32\KERNEL32.DLL
0x00007ffdfeb50000 - 0x00007ffdfee2a000 	C:\WINDOWS\System32\KERNELBASE.dll
0x00007ffdff080000 - 0x00007ffdff180000 	C:\WINDOWS\System32\ucrtbase.dll
0x00007ffdf88a0000 - 0x00007ffdf88b8000 	C:\Program Files\Java\jdk-19\bin\jli.dll
0x00007ffdf8860000 - 0x00007ffdf887b000 	C:\Program Files\Java\jdk-19\bin\VCRUNTIME140.dll
0x00007ffe00090000 - 0x00007ffe0013e000 	C:\WINDOWS\System32\ADVAPI32.dll
0x00007ffdffc40000 - 0x00007ffdffcde000 	C:\WINDOWS\System32\msvcrt.dll
0x00007ffe00810000 - 0x00007ffe008ac000 	C:\WINDOWS\System32\sechost.dll
0x00007ffdffab0000 - 0x00007ffdffbd6000 	C:\WINDOWS\System32\RPCRT4.dll
0x00007ffe00f70000 - 0x00007ffe0110d000 	C:\WINDOWS\System32\USER32.dll
0x00007ffdfef90000 - 0x00007ffdfefb2000 	C:\WINDOWS\System32\win32u.dll
0x00007ffe00140000 - 0x00007ffe0016b000 	C:\WINDOWS\System32\GDI32.dll
0x00007ffde35c0000 - 0x00007ffde385a000 	C:\WINDOWS\WinSxS\amd64_microsoft.windows.common-controls_6595b64144ccf1df_6.0.19041.1110_none_60b5254171f9507e\COMCTL32.dll
0x00007ffdfe8f0000 - 0x00007ffdfea00000 	C:\WINDOWS\System32\gdi32full.dll
0x00007ffdfeab0000 - 0x00007ffdfeb4d000 	C:\WINDOWS\System32\msvcp_win.dll
0x00007ffdf4a60000 - 0x00007ffdf4a6a000 	C:\WINDOWS\SYSTEM32\VERSION.dll
0x00007ffe00060000 - 0x00007ffe00090000 	C:\WINDOWS\System32\IMM32.DLL
0x00007ffdf93f0000 - 0x00007ffdf93fc000 	C:\Program Files\Java\jdk-19\bin\vcruntime140_1.dll
0x00007ffdd2e60000 - 0x00007ffdd2eee000 	C:\Program Files\Java\jdk-19\bin\msvcp140.dll
0x00007ffda8c90000 - 0x00007ffda9950000 	C:\Program Files\Java\jdk-19\bin\server\jvm.dll
0x00007ffdf8e20000 - 0x00007ffdf8e29000 	C:\WINDOWS\SYSTEM32\WSOCK32.dll
0x00007ffdf08d0000 - 0x00007ffdf08f7000 	C:\WINDOWS\SYSTEM32\WINMM.dll
0x00007ffe00580000 - 0x00007ffe005eb000 	C:\WINDOWS\System32\WS2_32.dll
0x00007ffdfc720000 - 0x00007ffdfc732000 	C:\WINDOWS\SYSTEM32\kernel.appcore.dll
0x00007ffdf8ae0000 - 0x00007ffdf8aea000 	C:\Program Files\Java\jdk-19\bin\jimage.dll
0x00007ffdf6360000 - 0x00007ffdf6544000 	C:\WINDOWS\SYSTEM32\DBGHELP.DLL
0x00007ffdf60c0000 - 0x00007ffdf60f4000 	C:\WINDOWS\SYSTEM32\dbgcore.DLL
0x00007ffdfe860000 - 0x00007ffdfe8e2000 	C:\WINDOWS\System32\bcryptPrimitives.dll
0x00007ffdf8830000 - 0x00007ffdf8856000 	C:\Program Files\Java\jdk-19\bin\java.dll

dbghelp: loaded successfully - version: 4.0.5 - missing functions: none
symbol engine: initialized successfully - sym options: 0x614 - pdb path: .;C:\Program Files\Java\jdk-19\bin;C:\WINDOWS\SYSTEM32;C:\WINDOWS\WinSxS\amd64_microsoft.windows.common-controls_6595b64144ccf1df_6.0.19041.1110_none_60b5254171f9507e;C:\Program Files\Java\jdk-19\bin\server

VM Arguments:
jvm_args: --add-exports=javafx.base/com.sun.javafx.event=org.controlsfx.controls -Dfile.encoding=UTF-8 --module-path=D:\WeatherApp\target\classes;C:\Users\galic\.m2\repository\org\openjfx\javafx-controls\17.0.2\javafx-controls-17.0.2-win.jar;C:\Users\galic\.m2\repository\org\openjfx\javafx-graphics\17.0.2\javafx-graphics-17.0.2-win.jar;C:\Users\galic\.m2\repository\org\openjfx\javafx-base\17.0.2\javafx-base-17.0.2-win.jar;C:\Users\galic\.m2\repository\org\openjfx\javafx-fxml\17.0.2\javafx-fxml-17.0.2-win.jar;C:\Users\galic\.m2\repository\org\json\json\20230227\json-20230227.jar;C:\Users\galic\.m2\repository\com\googlecode\json-simple\json-simple\1.1\json-simple-1.1.jar;C:\Users\galic\.m2\repository\io\ipgeolocation\ipgeolocation\1.0.12\ipgeolocation-1.0.12.jar;C:\Users\galic\.m2\repository\com\google\code\gson\gson\2.8.5\gson-2.8.5.jar;C:\Users\galic\.m2\repository\org\controlsfx\controlsfx\11.1.2\controlsfx-11.1.2.jar;C:\Users\galic\.m2\repository\net\aksingh\owm-japis\2.5.3.0\owm-japis-2.5.3.0.jar -XX:+ShowCodeDetailsInExceptionMessages -Djdk.module.main=weatherapp 
java_command: weatherapp/weatherapp.App
java_class_path (initial): C:\Users\galic\.m2\repository\org\openjfx\javafx-controls\17.0.2\javafx-controls-17.0.2.jar;C:\Users\galic\.m2\repository\org\openjfx\javafx-graphics\17.0.2\javafx-graphics-17.0.2.jar;C:\Users\galic\.m2\repository\org\openjfx\javafx-base\17.0.2\javafx-base-17.0.2.jar;C:\Users\galic\.m2\repository\org\openjfx\javafx-fxml\17.0.2\javafx-fxml-17.0.2.jar;C:\Users\galic\.m2\repository\com\squareup\retrofit2\retrofit\2.5.0\retrofit-2.5.0.jar;C:\Users\galic\.m2\repository\com\squareup\okhttp3\okhttp\3.12.0\okhttp-3.12.0.jar;C:\Users\galic\.m2\repository\com\squareup\okio\okio\1.15.0\okio-1.15.0.jar;C:\Users\galic\.m2\repository\com\squareup\retrofit2\converter-gson\2.5.0\converter-gson-2.5.0.jar;C:\Users\galic\.m2\repository\org\jetbrains\kotlin\kotlin-stdlib\1.3.30\kotlin-stdlib-1.3.30.jar;C:\Users\galic\.m2\repository\org\jetbrains\kotlin\kotlin-stdlib-common\1.3.30\kotlin-stdlib-common-1.3.30.jar;C:\Users\galic\.m2\repository\org\jetbrains\annotations\13.0\annotations-13.0.jar;C:\Users\galic\.m2\repository\org\jetbrains\kotlin\kotlin-stdlib-jdk8\1.3.30\kotlin-stdlib-jdk8-1.3.30.jar;C:\Users\galic\.m2\repository\org\jetbrains\kotlin\kotlin-stdlib-jdk7\1.3.30\kotlin-stdlib-jdk7-1.3.30.jar
Launcher Type: SUN_STANDARD

[Global flags]
     intx CICompilerCount                          = 3                                         {product} {ergonomic}
     uint ConcGCThreads                            = 1                                         {product} {ergonomic}
     uint G1ConcRefinementThreads                  = 4                                         {product} {ergonomic}
   size_t G1HeapRegionSize                         = 1048576                                   {product} {ergonomic}
    uintx GCDrainStackTargetSize                   = 64                                        {product} {ergonomic}
   size_t InitialHeapSize                          = 134217728                                 {product} {ergonomic}
   size_t MarkStackSize                            = 4194304                                   {product} {ergonomic}
   size_t MaxHeapSize                              = 2120220672                                {product} {ergonomic}
   size_t MinHeapDeltaBytes                        = 1048576                                   {product} {ergonomic}
   size_t MinHeapSize                              = 8388608                                   {product} {ergonomic}
    uintx NonNMethodCodeHeapSize                   = 5832780                                {pd product} {ergonomic}
    uintx NonProfiledCodeHeapSize                  = 122912730                              {pd product} {ergonomic}
    uintx ProfiledCodeHeapSize                     = 122912730                              {pd product} {ergonomic}
    uintx ReservedCodeCacheSize                    = 251658240                              {pd product} {ergonomic}
     bool SegmentedCodeCache                       = true                                      {product} {ergonomic}
     bool ShowCodeDetailsInExceptionMessages       = true                                   {manageable} {command line}
   size_t SoftMaxHeapSize                          = 2120220672                             {manageable} {ergonomic}
     bool UseCompressedClassPointers               = true                           {product lp64_product} {ergonomic}
     bool UseCompressedOops                        = true                           {product lp64_product} {ergonomic}
     bool UseG1GC                                  = true                                      {product} {ergonomic}
     bool UseLargePagesIndividualAllocation        = false                                  {pd product} {ergonomic}

Logging:
Log output configuration:
 #0: stdout all=warning uptime,level,tags foldmultilines=false
 #1: stderr all=off uptime,level,tags foldmultilines=false

Environment Variables:
JAVA_HOME=C:\Program Files\Java\jdk-11
PATH=C:\Program Files\Common Files\Oracle\Java\javapath;C:\PROGRA~2\Borland\CBUILD~1\Bin;C:\PROGRA~2\Borland\CBUILD~1\Projects\Bpl;C:\WINDOWS\system32;C:\WINDOWS;C:\WINDOWS\System32\Wbem;C:\WINDOWS\System32\WindowsPowerShell\v1.0\;C:\WINDOWS\System32\OpenSSH\;C:\Program Files\Microsoft SQL Server\Client SDK\ODBC\170\Tools\Binn\;C:\Program Files (x86)\Microsoft SQL Server\150\Tools\Binn\;C:\Program Files\Microsoft SQL Server\150\Tools\Binn\;C:\Program Files\Microsoft SQL Server\150\DTS\Binn\;C:\Program Files (x86)\Microsoft SQL Server\150\DTS\Binn\;C:\Program Files\Microsoft SQL Server\Client SDK\ODBC\130\Tools\Binn\;C:\Program Files (x86)\Microsoft SQL Server\130\Tools\Binn\;C:\Program Files\Microsoft SQL Server\130\Tools\Binn\;C:\Program Files\Microsoft SQL Server\130\DTS\Binn\;C:\Program Files\Azure Data Studio\bin;C:\Program Files\dotnet\;C:\Program Files\Git\cmd;C:\Program Files\nodejs\;D:\work\programs\Maven\apache-maven-3.8.7\bin;C:\Users\galic\AppData\Local\Microsoft\WindowsApps;C:\Program Files\Azure Data Studio\bin;C:\Users\galic\.dotnet\tools;C:\Users\galic\OneDrive\Documents\Przewodnik_C++\KONTO_OSZCZEDNOSCIOWE;C:\Program Files\CodeBlocks\MinGW\bin;C:\Users\galic\AppData\Local\Programs\Microsoft VS Code\bin;C:\xampp\php;C:\Users\galic\AppData\Local\ComposerSetup\bin;C:\Users\galic\AppData\Roaming\Composer\vendor\bin;C:\Users\galic\AppData\Roaming\npm;C:\Users\galic\Downloads\php-8.1.8-nts-Win32-vs16-x64;;C:\Program Files\JetBrains\IntelliJ IDEA 2022.2.2\bin;
USERNAME=galic
OS=Windows_NT
PROCESSOR_IDENTIFIER=Intel64 Family 6 Model 158 Stepping 9, GenuineIntel
TMP=C:\Users\galic\AppData\Local\Temp
TEMP=C:\Users\galic\AppData\Local\Temp



---------------  S Y S T E M  ---------------

OS:
 Windows 10 , 64 bit Build 19041 (10.0.19041.2788)
OS uptime: 3 days 9:42 hours

CPU: total 4 (initial active 4) (4 cores per cpu, 1 threads per core) family 6 model 158 stepping 9 microcode 0xb4, cx8, cmov, fxsr, mmx, 3dnowpref, sse, sse2, sse3, ssse3, sse4.1, sse4.2, popcnt, lzcnt, tsc, tscinvbit, avx, avx2, aes, erms, clmul, bmi1, bmi2, adx, fma, vzeroupper, clflush, clflushopt, rdtscp

Memory: 4k page, system-wide physical 8084M (597M free)
TotalPageFile size 32660M (AvailPageFile size 129M)
current process WorkingSet (physical memory assigned to process): 10M, peak: 10M
current process commit charge ("private bytes"): 52M, peak: 180M

vm_info: Java HotSpot(TM) 64-Bit Server VM (19+36-2238) for windows-amd64 JRE (19+36-2238), built on 2022-08-12T20:29:01Z by "mach5one" with MS VC++ 17.1 (VS2022)

END.
